2020-01-24 12:53:04,836 ERROR: Exception on /login [GET] [in /Users/nikhilnanda/Desktop/microblog/venv/lib/python3.6/site-packages/flask/app.py:1891]
Traceback (most recent call last):
  File "/Users/nikhilnanda/Desktop/microblog/venv/lib/python3.6/site-packages/flask/app.py", line 2446, in wsgi_app
    response = self.full_dispatch_request()
  File "/Users/nikhilnanda/Desktop/microblog/venv/lib/python3.6/site-packages/flask/app.py", line 1951, in full_dispatch_request
    rv = self.handle_user_exception(e)
  File "/Users/nikhilnanda/Desktop/microblog/venv/lib/python3.6/site-packages/flask/app.py", line 1820, in handle_user_exception
    reraise(exc_type, exc_value, tb)
  File "/Users/nikhilnanda/Desktop/microblog/venv/lib/python3.6/site-packages/flask/_compat.py", line 39, in reraise
    raise value
  File "/Users/nikhilnanda/Desktop/microblog/venv/lib/python3.6/site-packages/flask/app.py", line 1949, in full_dispatch_request
    rv = self.dispatch_request()
  File "/Users/nikhilnanda/Desktop/microblog/venv/lib/python3.6/site-packages/flask/app.py", line 1935, in dispatch_request
    return self.view_functions[rule.endpoint](**req.view_args)
  File "/Users/nikhilnanda/Documents/GitHub/microblog/app/routes.py", line 105, in login
    return render_template('login.html', title='Sign In', form=form)
  File "/Users/nikhilnanda/Desktop/microblog/venv/lib/python3.6/site-packages/flask/templating.py", line 138, in render_template
    ctx.app.jinja_env.get_or_select_template(template_name_or_list),
  File "/Users/nikhilnanda/Desktop/microblog/venv/lib/python3.6/site-packages/jinja2/environment.py", line 869, in get_or_select_template
    return self.get_template(template_name_or_list, parent, globals)
  File "/Users/nikhilnanda/Desktop/microblog/venv/lib/python3.6/site-packages/jinja2/environment.py", line 830, in get_template
    return self._load_template(name, self.make_globals(globals))
  File "/Users/nikhilnanda/Desktop/microblog/venv/lib/python3.6/site-packages/jinja2/environment.py", line 804, in _load_template
    template = self.loader.load(self, name, globals)
  File "/Users/nikhilnanda/Desktop/microblog/venv/lib/python3.6/site-packages/jinja2/loaders.py", line 125, in load
    code = environment.compile(source, name, filename)
  File "/Users/nikhilnanda/Desktop/microblog/venv/lib/python3.6/site-packages/jinja2/environment.py", line 591, in compile
    self.handle_exception(exc_info, source_hint=source_hint)
  File "/Users/nikhilnanda/Desktop/microblog/venv/lib/python3.6/site-packages/jinja2/environment.py", line 780, in handle_exception
    reraise(exc_type, exc_value, tb)
  File "/Users/nikhilnanda/Desktop/microblog/venv/lib/python3.6/site-packages/jinja2/_compat.py", line 37, in reraise
    raise value.with_traceback(tb)
  File "/Users/nikhilnanda/Documents/GitHub/microblog/app/templates/login.html", line 37, in template
    {% block content %}
  File "/Users/nikhilnanda/Desktop/microblog/venv/lib/python3.6/site-packages/jinja2/environment.py", line 543, in _generate
    optimized=self.optimized)
  File "/Users/nikhilnanda/Desktop/microblog/venv/lib/python3.6/site-packages/jinja2/compiler.py", line 82, in generate
    generator.visit(node)
  File "/Users/nikhilnanda/Desktop/microblog/venv/lib/python3.6/site-packages/jinja2/visitor.py", line 38, in visit
    return f(node, *args, **kwargs)
  File "/Users/nikhilnanda/Desktop/microblog/venv/lib/python3.6/site-packages/jinja2/compiler.py", line 718, in visit_Template
    self.fail('block %r defined twice' % block.name, block.lineno)
  File "/Users/nikhilnanda/Desktop/microblog/venv/lib/python3.6/site-packages/jinja2/compiler.py", line 315, in fail
    raise TemplateAssertionError(msg, lineno, self.name, self.filename)
jinja2.exceptions.TemplateAssertionError: block 'content' defined twice
2020-01-24 12:53:19,526 INFO: Microblog startup [in /Users/nikhilnanda/Documents/GitHub/microblog/app/__init__.py:49]
2020-01-24 12:53:23,081 ERROR: Exception on /login [GET] [in /Users/nikhilnanda/Desktop/microblog/venv/lib/python3.6/site-packages/flask/app.py:1891]
Traceback (most recent call last):
  File "/Users/nikhilnanda/Desktop/microblog/venv/lib/python3.6/site-packages/flask/app.py", line 2446, in wsgi_app
    response = self.full_dispatch_request()
  File "/Users/nikhilnanda/Desktop/microblog/venv/lib/python3.6/site-packages/flask/app.py", line 1951, in full_dispatch_request
    rv = self.handle_user_exception(e)
  File "/Users/nikhilnanda/Desktop/microblog/venv/lib/python3.6/site-packages/flask/app.py", line 1820, in handle_user_exception
    reraise(exc_type, exc_value, tb)
  File "/Users/nikhilnanda/Desktop/microblog/venv/lib/python3.6/site-packages/flask/_compat.py", line 39, in reraise
    raise value
  File "/Users/nikhilnanda/Desktop/microblog/venv/lib/python3.6/site-packages/flask/app.py", line 1949, in full_dispatch_request
    rv = self.dispatch_request()
  File "/Users/nikhilnanda/Desktop/microblog/venv/lib/python3.6/site-packages/flask/app.py", line 1935, in dispatch_request
    return self.view_functions[rule.endpoint](**req.view_args)
  File "/Users/nikhilnanda/Documents/GitHub/microblog/app/routes.py", line 105, in login
    return render_template('login.html', title='Sign In', form=form)
  File "/Users/nikhilnanda/Desktop/microblog/venv/lib/python3.6/site-packages/flask/templating.py", line 138, in render_template
    ctx.app.jinja_env.get_or_select_template(template_name_or_list),
  File "/Users/nikhilnanda/Desktop/microblog/venv/lib/python3.6/site-packages/jinja2/environment.py", line 869, in get_or_select_template
    return self.get_template(template_name_or_list, parent, globals)
  File "/Users/nikhilnanda/Desktop/microblog/venv/lib/python3.6/site-packages/jinja2/environment.py", line 830, in get_template
    return self._load_template(name, self.make_globals(globals))
  File "/Users/nikhilnanda/Desktop/microblog/venv/lib/python3.6/site-packages/jinja2/environment.py", line 804, in _load_template
    template = self.loader.load(self, name, globals)
  File "/Users/nikhilnanda/Desktop/microblog/venv/lib/python3.6/site-packages/jinja2/loaders.py", line 125, in load
    code = environment.compile(source, name, filename)
  File "/Users/nikhilnanda/Desktop/microblog/venv/lib/python3.6/site-packages/jinja2/environment.py", line 591, in compile
    self.handle_exception(exc_info, source_hint=source_hint)
  File "/Users/nikhilnanda/Desktop/microblog/venv/lib/python3.6/site-packages/jinja2/environment.py", line 780, in handle_exception
    reraise(exc_type, exc_value, tb)
  File "/Users/nikhilnanda/Desktop/microblog/venv/lib/python3.6/site-packages/jinja2/_compat.py", line 37, in reraise
    raise value.with_traceback(tb)
  File "/Users/nikhilnanda/Documents/GitHub/microblog/app/templates/login.html", line 37, in template
    {% block content %}
  File "/Users/nikhilnanda/Desktop/microblog/venv/lib/python3.6/site-packages/jinja2/environment.py", line 543, in _generate
    optimized=self.optimized)
  File "/Users/nikhilnanda/Desktop/microblog/venv/lib/python3.6/site-packages/jinja2/compiler.py", line 82, in generate
    generator.visit(node)
  File "/Users/nikhilnanda/Desktop/microblog/venv/lib/python3.6/site-packages/jinja2/visitor.py", line 38, in visit
    return f(node, *args, **kwargs)
  File "/Users/nikhilnanda/Desktop/microblog/venv/lib/python3.6/site-packages/jinja2/compiler.py", line 718, in visit_Template
    self.fail('block %r defined twice' % block.name, block.lineno)
  File "/Users/nikhilnanda/Desktop/microblog/venv/lib/python3.6/site-packages/jinja2/compiler.py", line 315, in fail
    raise TemplateAssertionError(msg, lineno, self.name, self.filename)
jinja2.exceptions.TemplateAssertionError: block 'content' defined twice
2020-01-24 12:54:23,421 INFO: Microblog startup [in /Users/nikhilnanda/Documents/GitHub/microblog/app/__init__.py:49]
2020-01-24 12:59:13,124 INFO: Microblog startup [in /Users/nikhilnanda/Documents/GitHub/microblog/app/__init__.py:49]
2020-01-24 13:03:47,844 INFO: Microblog startup [in /Users/nikhilnanda/Documents/GitHub/microblog/app/__init__.py:49]
2020-01-24 13:12:18,699 INFO: Microblog startup [in /Users/nikhilnanda/Documents/GitHub/microblog/app/__init__.py:49]
2020-01-24 13:14:01,990 INFO: Microblog startup [in /Users/nikhilnanda/Documents/GitHub/microblog/app/__init__.py:49]
